<?xml version="1.0" encoding="UTF-8"?>
<!-- Generated by org.testng.reporters.JUnitXMLReporter -->
<testsuite hostname="LAPTOP-BIJL3HUR" ignored="0" name="loginTest" tests="1" failures="1" timestamp="2022-07-06T18:50:01 CDT" time="5.835" errors="0">
  <testcase name="validUserShouldBeAbleToAddCustomer" time="5.788" classname="test.AddContactTest">
    <failure type="java.lang.AssertionError" message="wrong Page ! ! expected [Dashboard- iBilling] but found [Dashboard]">
      <![CDATA[java.lang.AssertionError: wrong Page ! ! expected [Dashboard- iBilling] but found [Dashboard]
at page.DashboardPage.validationDashboard(DashboardPage.java:27)
at test.AddContactTest.validUserShouldBeAbleToAddCustomer(AddContactTest.java:39)
at java.util.ArrayList.forEach(ArrayList.java:1257)
... Removed 32 stack frames]]>
    </failure>
  </testcase> <!-- validUserShouldBeAbleToAddCustomer -->
</testsuite> <!-- loginTest -->
